proguard/seeds.txt
com.androidsx.microrss.view.FeedScrollableView
com.androidsx.microrss.view.FeedScrollableView: FeedScrollableView(android.content.Context,android.util.AttributeSet)
com.androidsx.microrss.configure.Preferences
com.androidsx.microrss.configure.Preferences: Preferences(android.content.Context,android.util.AttributeSet)
com.androidsx.microrss.view.DragAwareScrollView
com.androidsx.microrss.view.DragAwareScrollView: DragAwareScrollView(android.content.Context,android.util.AttributeSet)
com.androidsx.microrss.view.StoryView
com.androidsx.microrss.view.StoryView: StoryView(android.content.Context,android.util.AttributeSet)
com.androidsx.microrss.view.DragAwareScrollView: DragAwareScrollView(android.content.Context,android.util.AttributeSet)
com.androidsx.microrss.view.CustomAdapterViewTray
com.androidsx.microrss.view.CustomAdapterViewTray: CustomAdapterViewTray(android.content.Context,android.util.AttributeSet)
com.androidsx.microrss.view.FeedScrollableView
com.androidsx.microrss.view.FeedScrollableView: FeedScrollableView(android.content.Context,android.util.AttributeSet,int)
com.androidsx.microrss.configure.Preferences
com.androidsx.microrss.configure.Preferences: Preferences(android.content.Context,android.util.AttributeSet,int)
com.androidsx.microrss.view.DragAwareScrollView
com.androidsx.microrss.view.DragAwareScrollView: DragAwareScrollView(android.content.Context,android.util.AttributeSet,int)
com.androidsx.microrss.view.StoryView
com.androidsx.microrss.view.StoryView: StoryView(android.content.Context,android.util.AttributeSet,int)
com.androidsx.microrss.view.DragAwareScrollView: DragAwareScrollView(android.content.Context,android.util.AttributeSet,int)
com.androidsx.microrss.view.CustomAdapterViewTray
com.androidsx.microrss.view.CustomAdapterViewTray: CustomAdapterViewTray(android.content.Context,android.util.AttributeSet,int)
com.androidsx.microrss.webservice.FeedUrlBasedDuplicateDetector$Duplicated: com.androidsx.microrss.webservice.FeedUrlBasedDuplicateDetector$Duplicated[] values()
com.androidsx.microrss.webservice.FeedUrlBasedDuplicateDetector$Duplicated: com.androidsx.microrss.webservice.FeedUrlBasedDuplicateDetector$Duplicated valueOf(java.lang.String)
com.androidsx.microrss.webservice.UpdateTaskStatus: com.androidsx.microrss.webservice.UpdateTaskStatus[] values()
com.androidsx.microrss.webservice.UpdateTaskStatus: com.androidsx.microrss.webservice.UpdateTaskStatus valueOf(java.lang.String)
com.androidsx.microrss.cache.CacheImageManager$CompressFormatImage: com.androidsx.microrss.cache.CacheImageManager$CompressFormatImage[] values()
com.androidsx.microrss.cache.CacheImageManager$CompressFormatImage: com.androidsx.microrss.cache.CacheImageManager$CompressFormatImage valueOf(java.lang.String)
com.androidsx.microrss.view.CustomAdapterViewTray
com.androidsx.microrss.view.FeedScrollableView
com.androidsx.microrss.view.DragAwareScrollView
com.androidsx.microrss.view.StoryView
com.androidsx.microrss.configure.ChooseFeedsAbstractActivity
com.androidsx.microrss.configure.ChooseFeedsAbstractActivity: void onGoBackClick(android.view.View)
com.androidsx.microrss.configure.ChooseGoogleReaderFeedsActivity
com.androidsx.microrss.configure.ChooseFeedsAbstractActivity: void onGoBackClick(android.view.View)
com.androidsx.microrss.configure.ChooseSampleFeedsActivity
com.androidsx.microrss.configure.ChooseFeedsAbstractActivity: void onGoBackClick(android.view.View)
com.androidsx.microrss.configure.Preferences
com.androidsx.microrss.configure.Preferences: void onGoBackClick(android.view.View)
com.androidsx.microrss.configure.GReaderPreferences
com.androidsx.microrss.configure.GReaderPreferences: void onGoBackClick(android.view.View)
com.androidsx.microrss.view.ScrollAwareLauncherActivity
...
org.jarx.android.reader.ReaderProvider
org.jarx.android.reader.Subscription