proguard/mapping.txt
com.androidsx.microrss.GoogleReaderSyncService -> com.androidsx.microrss.GoogleReaderSyncService:
    java.lang.String TAG -> a
    com.androidsx.microrss.sync.SyncIntervalPrefs syncPrefs -> b
    com.wimm.framework.service.NetworkService networkService -> c
    boolean isUsingNetwork -> d
    android.content.BroadcastReceiver networkTakedownReceiver -> e
    void onCreate() -> onCreate
    void onStart(android.content.Intent,int) -> onStart
    void onDestroy() -> onDestroy
    android.os.IBinder onBind(android.content.Intent) -> onBind
    java.lang.String access$0() -> a
    boolean access$1(com.androidsx.microrss.GoogleReaderSyncService) -> a
    com.wimm.framework.service.NetworkService access$2(com.androidsx.microrss.GoogleReaderSyncService) -> b
    void access$3(com.androidsx.microrss.GoogleReaderSyncService,boolean) -> a
    com.androidsx.microrss.sync.SyncIntervalPrefs access$4(com.androidsx.microrss.GoogleReaderSyncService) -> c
com.androidsx.microrss.GoogleReaderSyncService$1 -> com.androidsx.microrss.b:
    com.androidsx.microrss.GoogleReaderSyncService this$0 -> a
    void onReceive(android.content.Context,android.content.Intent) -> onReceive
com.androidsx.microrss.GoogleReaderSyncService$SyncGoogleReaderTask -> com.androidsx.microrss.c:
    com.androidsx.microrss.GoogleReaderSyncService this$0 -> a
    void onPreExecute() -> onPreExecute
    java.lang.String doInBackground$606be067() -> a
    void onPostExecute(java.lang.Object) -> onPostExecute
    java.lang.Object doInBackground(java.lang.Object[]) -> doInBackground
com.androidsx.microrss.GoogleReaderSyncService$SyncGoogleReaderTask$1 -> com.androidsx.microrss.a:
    com.androidsx.microrss.GoogleReaderSyncService$SyncGoogleReaderTask this$1 -> a
    boolean subscription(org.jarx.android.reader.Subscription) -> a
com.androidsx.microrss.UpdateService -> com.androidsx.microrss.UpdateService:
    java.lang.Object queueLock -> a
    boolean threadIsRunning -> b
    java.util.Queue queuedFeedIds -> c
    com.wimm.framework.service.NetworkService networkService -> d
    com.androidsx.microrss.sync.SyncIntervalPrefs syncPrefs -> e
    android.content.BroadcastReceiver networkTakedownReceiver -> f
    boolean hasMoreUpdates() -> b
    int getNextUpdate() -> c
    void onCreate() -> onCreate
    void onStart(android.content.Intent,int) -> onStart
    void onDestroy() -> onDestroy
    void run() -> run
    android.os.IBinder onBind(android.content.Intent) -> onBind
    java.lang.String arr2str(int[]) -> a
    boolean access$0() -> a
    com.wimm.framework.service.NetworkService access$1(com.androidsx.microrss.UpdateService) -> a
com.androidsx.microrss.UpdateService$1 -> com.androidsx.microrss.d:
    com.androidsx.microrss.UpdateService this$0 -> a
    void onReceive(android.content.Context,android.content.Intent) -> onReceive
com.androidsx.microrss.WIMMCompatibleHelper -> com.androidsx.microrss.e:
    void requestSync(android.content.Context,java.lang.Class) -> a
com.androidsx.microrss.cache.CacheImageManager -> com.androidsx.microrss.a.b:
    android.content.Context context -> a
    java.io.File retrieveImage(java.lang.String) -> a
    void deleteImage(java.lang.String) -> b
    boolean downloadAndSaveInCache(java.lang.String,com.androidsx.microrss.cache.CacheImageManager$Options) -> a
    java.lang.String getFilenameForUrl(java.lang.String) -> c
    java.io.InputStream downloadBitmap(java.lang.String) -> d
    int copyStream(java.io.InputStream,java.io.OutputStream) -> a
...
org.jarx.android.reader.ReaderClient$2 -> org.jarx.android.reader.e:
    org.jarx.android.reader.ReaderClient this$0 -> a
    java.io.File val$temp -> b
    void close() -> close
org.jarx.android.reader.ReaderClient$3 -> org.jarx.android.reader.c:
    org.jarx.android.reader.ReaderClient this$0 -> a
    void close() -> close
org.jarx.android.reader.ReaderClient$JsonHandlerAdapter -> org.jarx.android.reader.l:
    java.util.Stack keys -> a
    java.lang.String getCurrentKey() -> a
    void startJSON() -> b
    void endJSON() -> c
    boolean startObject() -> d
    boolean endObject() -> e
    boolean startObjectEntry(java.lang.String) -> a
    boolean endObjectEntry() -> f
    boolean primitive(java.lang.Object) -> a
org.jarx.android.reader.ReaderClient$SubListHandler -> org.jarx.android.reader.f:
    boolean subscription(org.jarx.android.reader.Subscription) -> a
org.jarx.android.reader.ReaderException -> org.jarx.android.reader.g:
org.jarx.android.reader.ReaderProvider -> org.jarx.android.reader.ReaderProvider:
    android.net.Uri URI_TXN_BEGIN -> a
    android.net.Uri URI_TXN_SUCCESS -> b
    android.net.Uri URI_TXN_END -> c
    android.net.Uri URI_UPDATE_UNREADS -> d
    java.lang.String[] SQL_UPDATE_UNREADS -> e
    android.content.UriMatcher uriMatcher -> f
    org.jarx.android.reader.ReaderProvider$ReaderOpenHelper openHelper -> g
    java.lang.String sqlCreateIndex(java.lang.String,java.lang.String[]) -> a
    java.lang.String sqlIdWhere(java.lang.String,java.lang.String) -> a
    boolean onCreate() -> onCreate
    java.lang.String getType(android.net.Uri) -> getType
    android.database.Cursor query(android.net.Uri,java.lang.String[],java.lang.String,java.lang.String[],java.lang.String) -> query
    android.net.Uri insert(android.net.Uri,android.content.ContentValues) -> insert
    int delete(android.net.Uri,java.lang.String,java.lang.String[]) -> delete
    int update(android.net.Uri,android.content.ContentValues,java.lang.String,java.lang.String[]) -> update
    int update(android.net.Uri,android.content.ContentValues,java.lang.String,java.lang.String[],boolean) -> a
org.jarx.android.reader.ReaderProvider$ReaderOpenHelper -> org.jarx.android.reader.a:
    void onCreate(android.database.sqlite.SQLiteDatabase) -> onCreate
    void onUpgrade(android.database.sqlite.SQLiteDatabase,int,int) -> onUpgrade
org.jarx.android.reader.Subscription -> org.jarx.android.reader.Subscription:
    android.net.Uri CONTENT_URI -> a
    java.lang.String[] DEFAULT_SELECT -> b
    java.lang.String[] PREFIX_SELECT -> c
    java.lang.String[] SELECT_ID -> e
    java.lang.String[] SELECT_ICON -> f
    java.lang.String[] SELECT_COUNT -> g
    java.lang.String[] SELECT_SUM_UNREAD_COUNT -> h
    java.lang.String[][] INDEX_COLUMNS -> d
    long id -> i
    java.lang.String uid -> j
    java.lang.String sortid -> k
    java.lang.String title -> l
    java.lang.String htmlUrl -> m
    java.util.List categories -> n
    int unreadCount -> o
    long newestItemTime -> p
    long readItemId -> q
    long syncTime -> r
    long itemSyncTime -> s
    java.lang.String[] sqlForUpgrade$12382b24(int) -> a
    int describeContents() -> describeContents
    void writeToParcel(android.os.Parcel,int) -> writeToParcel
    java.lang.String getUid() -> a
    void setUid(java.lang.String) -> a
    void setSortid(java.lang.String) -> b
    java.lang.String getTitle() -> b
    void setTitle(java.lang.String) -> c
    void setHtmlUrl(java.lang.String) -> d
    void addCategory(java.lang.String) -> e
    boolean equals(java.lang.Object) -> equals
    java.lang.String toString() -> toString
org.jarx.android.reader.Tag -> org.jarx.android.reader.n:
    android.net.Uri CONTENT_URI -> a
    java.lang.String[] DEFAULT_SELECT -> c
    java.lang.String[] SELECT_ID -> d
    java.lang.String[][] INDEX_COLUMNS -> b
    java.lang.String[] sqlForUpgrade$12382b24() -> a