proguard/usage.txt
com.androidsx.microrss.Manifest
com.androidsx.microrss.Manifest$permission
com.androidsx.microrss.R
com.androidsx.microrss.R$anim
com.androidsx.microrss.R$array
com.androidsx.microrss.R$attr
com.androidsx.microrss.R$color
com.androidsx.microrss.R$dimen
com.androidsx.microrss.R$drawable
com.androidsx.microrss.R$id
com.androidsx.microrss.R$layout
com.androidsx.microrss.R$string
com.androidsx.microrss.R$style
com.androidsx.microrss.R$xml
com.androidsx.microrss.UpdateService:
    protected static final java.lang.String TAG
    private static final int MAX_STORIES_PER_REQUEST
    private static final int MAX_STORIES_IN_DATABASE
    public static final long DEFAULT_UPDATE_INTERVAL_MILLIS
    public static final java.lang.String ACTION_UPDATE_ALL
    227:240:private void scheduleNextSync(boolean)
    244:248:private long getUpdateIntervalMillis()
    252:266:private long timeForNextUpdateAlarm(long)
    274:274:private static long computeUpdateThrottle(long)
com.androidsx.microrss.UpdateService$1:
    private static final java.lang.String TAG
com.androidsx.microrss.WIMMCompatibleHelper:
    public static final java.lang.String TAG
com.androidsx.microrss.cache.CacheImageManager:
    private static final java.lang.String TAG
    65:66:public void cleanCache()
com.androidsx.microrss.cache.FileCacheUtil:
    private static final java.lang.String NOMEDIA_FILENAME
    private static final long CACHE_FILE_EXPIRATION
    private static final java.lang.String TAG
    145:165:public static void cleanExternalCache(android.content.Context)
com.androidsx.microrss.cache.ThumbnailUtil:
    private static final java.lang.String TAG
    private static final int OPTIONS_NONE
    private static final int OPTIONS_SCALE_UP
    public static final int OPTIONS_RECYCLE_INPUT
    public static final int TARGET_SIZE_MINI_THUMBNAIL
    public static final int TARGET_SIZE_FAVICON_THUMBNAIL
    public static final int MIN_SOURCE_SIZE_TO_BE_PROCESSED_MINI_THUMBNAIL
    74:74:public static android.graphics.Bitmap decodeFile(java.io.File,int)
    153:153:public static android.graphics.Bitmap extractThumbnail(android.graphics.Bitmap,int,int)
com.androidsx.microrss.cache.ThumbnailUtil$InvalidImageSizeException:
    private static final long serialVersionUID
com.androidsx.microrss.configure.ChooseFeedsAbstractActivity:
    private static final java.lang.String TAG
    79:84:protected static java.lang.String[] feedToStringArray(java.util.List)
com.androidsx.microrss.configure.ChooseFeedsAbstractActivity$1:
    99:99:public void onTopToBottomSwipe()
    116:116:public void onBottomToTopSwipe()
com.androidsx.microrss.configure.GReaderPreferences:
    private static final java.lang.String TAG
com.androidsx.microrss.configure.GReaderPreferences$1:
    211:211:public void onTopToBottomSwipe()
    228:228:public void onBottomToTopSwipe()
com.androidsx.microrss.configure.Preferences:
    public static final int ACTIVITY_RESULT_EXIT
    private static final int ANIMATION_DURATION
com.androidsx.microrss.configure.Preferences$1:
    149:155:public void onTopToBottomSwipe()
    175:175:public void onBottomToTopSwipe()
com.androidsx.microrss.configure.SeparatedChooseFeedsAdapter:
    public static final int TYPE_SECTION_HEADER
    83:83:public boolean areAllItemsSelectable()
com.androidsx.microrss.configure.feedlist.FeedListManager
com.androidsx.microrss.configure.feedlist.SpinnerFeedItemInfo
com.androidsx.microrss.db.RssItemsDao:
    public abstract void insertItems(android.content.ContentResolver,int,com.androidsx.microrss.domain.ItemList)
    public abstract int deleteOldestItems(android.content.ContentResolver,int,int,com.androidsx.microrss.cache.CacheImageManager)
...
org.jarx.android.reader.GoogleReaderClient$JsonTagListHandler
org.jarx.android.reader.GoogleReaderClient$JsonUnreadCountHandler
org.jarx.android.reader.Item:
    public static final java.lang.String TABLE_NAME
    public static final java.lang.String _SUB_ID
    public static final java.lang.String _UID
    public static final java.lang.String _TITLE
    public static final java.lang.String _CONTENT
    public static final java.lang.String _CONTENT_TYPE
    public static final java.lang.String _AUTHOR
    public static final java.lang.String _LINK
    public static final java.lang.String _PUBLISHED_TIME
    public static final java.lang.String _UPDATED_TIME
    public static final java.lang.String _READ
    public static final java.lang.String _READ_TIME
    public static final java.lang.String _SYNC_TIME
    public static final int ORDER_BY_NEWER
    public static final int ORDER_BY_OLDER
    public static final java.lang.String SQL_CREATE_TABLE
    132:132:public long getId()
    136:137:public void setId(long)
    140:140:public long getSubId()
    144:145:public void setSubId(long)
    148:148:public java.lang.String getUid()
    152:153:public void setUid(java.lang.String)
    156:156:public java.lang.String getTitle()
    160:161:public void setTitle(java.lang.String)
    164:164:public java.lang.String getContent()
    168:169:public void setContent(java.lang.String)
    172:172:public java.lang.String getContentType()
    176:177:public void setContentType(java.lang.String)
    180:180:public java.lang.String getAuthor()
    184:185:public void setAuthor(java.lang.String)
org.jarx.android.reader.Item$FilterCursor
org.jarx.android.reader.Prefs:
    public static final java.lang.String KEY_GOOGLE_ID
    public static final java.lang.String KEY_GOOGLE_PASSWD
    public static final java.lang.String KEY_SYNC_INTERVAL_HOURS
    public static final java.lang.String KEY_SYNC_UNREAD_ONLY
    public static final java.lang.String KEY_SYNC_NOTIFIABLE
    public static final java.lang.String KEY_SYNC_ITEM_LIMIT
    public static final java.lang.String KEY_VIEW_UNREAD_ONLY
    public static final java.lang.String KEY_ITEM_SORT_TYPE
    public static final java.lang.String KEY_DISABLE_ITEM_LINKS
    public static final java.lang.String KEY_SHOW_ITEM_CONTROLLS
    public static final java.lang.String KEY_ITEM_BODY_FONT_SIZE
    public static final java.lang.String KEY_OMIT_ITEM_LIST
    public static final java.lang.String KEY_LAST_SYNC_TIME
    public static final java.lang.String KEY_CACHE_KEEP_TAGGED
    public static final java.lang.String KEY_CACHE_AUTO_CLEANUP_DAYS
    public static final java.lang.String KEY_UNREAD_COUNT
    public static final java.lang.String KEY_ENABLE_ERR_REPORTING
    32:32:public static java.lang.String getString(android.content.Context,java.lang.String)
    45:47:public static long getLong(android.content.Context,java.lang.String,long)
    56:60:public static void putString(android.content.Context,java.lang.String,java.lang.String)
    63:67:public static void putLong(android.content.Context,java.lang.String,long)